<?xml version="1.0" encoding="UTF-8"?>
<!-- Generated by org.testng.reporters.JUnitXMLReporter -->
<testsuite hostname="GH-56L64M2" ignored="0" name="Test" tests="1" failures="1" timestamp="05 Oct 2018 14:05:44 GMT" time="0.041" errors="0">
  <testcase name="loginIntoApp" time="0.009" classname="com.manthan.steps.LoginSteps">
    <failure type="org.testng.TestException" message="
Method LoginSteps.loginIntoApp()[pri:0, instance:com.manthan.steps.LoginSteps@5622fdf] should have thrown an exception of type class java.lang.Exception">
      <![CDATA[org.testng.TestException: 
Method LoginSteps.loginIntoApp()[pri:0, instance:com.manthan.steps.LoginSteps@5622fdf] should have thrown an exception of type class java.lang.Exception
... Removed 22 stack frames]]>
    </failure>
  </testcase> <!-- loginIntoApp -->
</testsuite> <!-- Test -->
